0 info it worked if it ends with ok
1 verbose cli [ 'C:\\Program Files (x86)\\nodejs\\node.exe',
1 verbose cli   'C:\\Program Files (x86)\\nodejs\\node_modules\\npm\\bin\\npm-cli.js',
1 verbose cli   'start' ]
2 info using npm@2.15.0
3 info using node@v4.4.2
4 verbose run-script [ 'prestart', 'start', 'poststart' ]
5 info prestart angular-seed@0.0.0
6 verbose unsafe-perm in lifecycle true
7 info angular-seed@0.0.0 Failed to exec prestart script
8 verbose stack Error: angular-seed@0.0.0 prestart: `npm install`
8 verbose stack Exit status 1
8 verbose stack     at EventEmitter.<anonymous> (C:\Program Files (x86)\nodejs\node_modules\npm\lib\utils\lifecycle.js:217:16)
8 verbose stack     at emitTwo (events.js:87:13)
8 verbose stack     at EventEmitter.emit (events.js:172:7)
8 verbose stack     at ChildProcess.<anonymous> (C:\Program Files (x86)\nodejs\node_modules\npm\lib\utils\spawn.js:24:14)
8 verbose stack     at emitTwo (events.js:87:13)
8 verbose stack     at ChildProcess.emit (events.js:172:7)
8 verbose stack     at maybeClose (internal/child_process.js:827:16)
8 verbose stack     at Process.ChildProcess._handle.onexit (internal/child_process.js:211:5)
9 verbose pkgid angular-seed@0.0.0
10 verbose cwd C:\Users\Yoni\Google Drive\Northwestern\2015-2016\03 - Spring\EECS 394\pitcheval
11 error Windows_NT 10.0.10586
12 error argv "C:\\Program Files (x86)\\nodejs\\node.exe" "C:\\Program Files (x86)\\nodejs\\node_modules\\npm\\bin\\npm-cli.js" "start"
13 error node v4.4.2
14 error npm  v2.15.0
15 error code ELIFECYCLE
16 error angular-seed@0.0.0 prestart: `npm install`
16 error Exit status 1
17 error Failed at the angular-seed@0.0.0 prestart script 'npm install'.
17 error This is most likely a problem with the angular-seed package,
17 error not with npm itself.
17 error Tell the author that this fails on your system:
17 error     npm install
17 error You can get information on how to open an issue for this project with:
17 error     npm bugs angular-seed
17 error Or if that isn't available, you can get their info via:
17 error
17 error     npm owner ls angular-seed
17 error There is likely additional logging output above.
18 verbose exit [ 1, true ]
